<?xml version="1.0" encoding="UTF-8"?>
<!-- Generated by org.testng.reporters.JUnitReportReporter -->
<testsuite hostname="Surendhar-PC" failures="0" tests="4" name="com.Runner.org.TestngTest" time="15.125" errors="0" timestamp="2023-02-19T16:40:02 IST" skipped="0">
  <testcase classname="com.Runner.org.TestngTest" name="testThree" time="3.087"/>
  <system-out/>
  <testcase classname="com.Runner.org.TestngTest" name="testTwo" time="7.766"/>
  <system-out/>
  <testcase classname="com.Runner.org.TestngTest" name="testOne" time="3.120"/>
  <system-out/>
  <testcase classname="com.Runner.org.TestngTest" name="launchUrl" time="1.152"/>
  <system-out/>
</testsuite> <!-- com.Runner.org.TestngTest -->
